Flow report for lockey
Wed May  7 11:54:30 2025
Quartus Prime Version 24.1std.0 Build 1077 03/04/2025 SC Lite Edition


---------------------
; Table of Contents ;
---------------------
  1. Legal Notice
  2. Flow Summary
  3. Flow Settings
  4. Flow Non-Default Global Settings
  5. Flow Elapsed Time
  6. Flow OS Summary
  7. Flow Log
  8. Flow Messages
  9. Flow Suppressed Messages



----------------
; Legal Notice ;
----------------
Copyright (C) 2025  Altera Corporation. All rights reserved.
Your use of Altera Corporation's design tools, logic functions 
and other software and tools, and any partner logic 
functions, and any output files from any of the foregoing 
(including device programming or simulation files), and any 
associated documentation or information are expressly subject 
to the terms and conditions of the Altera Program License 
Subscription Agreement, the Altera Quartus Prime License Agreement,
the Altera IP License Agreement, or other applicable license
agreement, including, without limitation, that your use is for
the sole purpose of programming logic devices manufactured by
Altera and sold by Altera or its authorized distributors.  Please
refer to the Altera Software License Subscription Agreements 
on the Quartus Prime software download page.



+-----------------------------------------------------------------------------------+
; Flow Summary                                                                      ;
+---------------------------------+-------------------------------------------------+
; Flow Status                     ; Successful - Wed May  7 11:54:30 2025           ;
; Quartus Prime Version           ; 24.1std.0 Build 1077 03/04/2025 SC Lite Edition ;
; Revision Name                   ; lockey                                          ;
; Top-level Entity Name           ; error_state                                     ;
; Family                          ; Cyclone V                                       ;
; Device                          ; 5CGXFC5C6F27C7                                  ;
; Timing Models                   ; Final                                           ;
; Logic utilization (in ALMs)     ; 1 / 29,080 ( < 1 % )                            ;
; Total registers                 ; 0                                               ;
; Total pins                      ; 39 / 364 ( 11 % )                               ;
; Total virtual pins              ; 0                                               ;
; Total block memory bits         ; 0 / 4,567,040 ( 0 % )                           ;
; Total DSP Blocks                ; 0 / 150 ( 0 % )                                 ;
; Total HSSI RX PCSs              ; 0 / 6 ( 0 % )                                   ;
; Total HSSI PMA RX Deserializers ; 0 / 6 ( 0 % )                                   ;
; Total HSSI TX PCSs              ; 0 / 6 ( 0 % )                                   ;
; Total HSSI PMA TX Serializers   ; 0 / 6 ( 0 % )                                   ;
; Total PLLs                      ; 0 / 12 ( 0 % )                                  ;
; Total DLLs                      ; 0 / 4 ( 0 % )                                   ;
+---------------------------------+-------------------------------------------------+


+-----------------------------------------+
; Flow Settings                           ;
+-------------------+---------------------+
; Option            ; Setting             ;
+-------------------+---------------------+
; Start date & time ; 05/07/2025 11:53:58 ;
; Main task         ; Compilation         ;
; Revision Name     ; lockey              ;
+-------------------+---------------------+


+-------------------------------------------------------------------------------------------------------------------------------------------------+
; Flow Non-Default Global Settings                                                                                                                ;
+--------------------------------------+----------------------------------------+---------------+-------------+-----------------------------------+
; Assignment Name                      ; Value                                  ; Default Value ; Entity Name ; Section Id                        ;
+--------------------------------------+----------------------------------------+---------------+-------------+-----------------------------------+
; COMPILER_SIGNATURE_ID                ; 35315502940563.174661163845901         ; --            ; --          ; --                                ;
; EDA_DESIGN_INSTANCE_NAME             ; NA                                     ; --            ; --          ; tb_writing_code                   ;
; EDA_DESIGN_INSTANCE_NAME             ; NA                                     ; --            ; --          ; tb_clock_idle                     ;
; EDA_GENERATE_FUNCTIONAL_NETLIST      ; Off                                    ; --            ; --          ; eda_board_design_timing           ;
; EDA_GENERATE_FUNCTIONAL_NETLIST      ; Off                                    ; --            ; --          ; eda_board_design_boundary_scan    ;
; EDA_GENERATE_FUNCTIONAL_NETLIST      ; Off                                    ; --            ; --          ; eda_board_design_signal_integrity ;
; EDA_GENERATE_FUNCTIONAL_NETLIST      ; Off                                    ; --            ; --          ; eda_board_design_symbol           ;
; EDA_NATIVELINK_SIMULATION_TEST_BENCH ; tb_writing_code                        ; --            ; --          ; eda_simulation                    ;
; EDA_OUTPUT_DATA_FORMAT               ; Verilog Hdl                            ; --            ; --          ; eda_simulation                    ;
; EDA_SIMULATION_TOOL                  ; QuestaSim (Verilog)                    ; <None>        ; --          ; --                                ;
; EDA_TEST_BENCH_ENABLE_STATUS         ; TEST_BENCH_MODE                        ; --            ; --          ; eda_simulation                    ;
; EDA_TEST_BENCH_FILE                  ; tb_writing_code.vhd                    ; --            ; --          ; tb_writing_code                   ;
; EDA_TEST_BENCH_FILE                  ; tb_clock_idle.vhd                      ; --            ; --          ; tb_clock_idle                     ;
; EDA_TEST_BENCH_MODULE_NAME           ; tb_writing_code                        ; --            ; --          ; tb_writing_code                   ;
; EDA_TEST_BENCH_MODULE_NAME           ; tb_clock_idle                          ; --            ; --          ; tb_clock_idle                     ;
; EDA_TEST_BENCH_NAME                  ; tb_clock_idle                          ; --            ; --          ; eda_simulation                    ;
; EDA_TEST_BENCH_NAME                  ; tb_writing_code                        ; --            ; --          ; eda_simulation                    ;
; EDA_TEST_BENCH_RUN_SIM_FOR           ; 200 ns                                 ; --            ; --          ; tb_writing_code                   ;
; EDA_TEST_BENCH_RUN_SIM_FOR           ; 1000 ns                                ; --            ; --          ; tb_clock_idle                     ;
; EDA_TIME_SCALE                       ; 1 ps                                   ; --            ; --          ; eda_simulation                    ;
; FITTER_EFFORT                        ; Standard Fit                           ; Auto Fit      ; --          ; --                                ;
; MAX_CORE_JUNCTION_TEMP               ; 85                                     ; --            ; --          ; --                                ;
; MIN_CORE_JUNCTION_TEMP               ; 0                                      ; --            ; --          ; --                                ;
; OUTPUT_IO_TIMING_FAR_END_VMEAS       ; Half Signal Swing                      ; --            ; --          ; --                                ;
; OUTPUT_IO_TIMING_FAR_END_VMEAS       ; Half Signal Swing                      ; --            ; --          ; --                                ;
; OUTPUT_IO_TIMING_NEAR_END_VMEAS      ; Half Vccio                             ; --            ; --          ; --                                ;
; OUTPUT_IO_TIMING_NEAR_END_VMEAS      ; Half Vccio                             ; --            ; --          ; --                                ;
; PARTITION_COLOR                      ; -- (Not supported for targeted family) ; --            ; error_state ; Top                               ;
; PARTITION_FITTER_PRESERVATION_LEVEL  ; -- (Not supported for targeted family) ; --            ; error_state ; Top                               ;
; PARTITION_NETLIST_TYPE               ; -- (Not supported for targeted family) ; --            ; error_state ; Top                               ;
; POWER_BOARD_THERMAL_MODEL            ; None (CONSERVATIVE)                    ; --            ; --          ; --                                ;
; POWER_PRESET_COOLING_SOLUTION        ; 23 MM HEAT SINK WITH 200 LFPM AIRFLOW  ; --            ; --          ; --                                ;
; PROJECT_OUTPUT_DIRECTORY             ; output_files                           ; --            ; --          ; --                                ;
; TOP_LEVEL_ENTITY                     ; error_state                            ; lockey        ; --          ; --                                ;
+--------------------------------------+----------------------------------------+---------------+-------------+-----------------------------------+


+--------------------------------------------------------------------------------------------------------------------------+
; Flow Elapsed Time                                                                                                        ;
+----------------------+--------------+-------------------------+---------------------+------------------------------------+
; Module Name          ; Elapsed Time ; Average Processors Used ; Peak Virtual Memory ; Total CPU Time (on all processors) ;
+----------------------+--------------+-------------------------+---------------------+------------------------------------+
; Analysis & Synthesis ; 00:00:05     ; 1.0                     ; 478 MB              ; 00:00:12                           ;
; Fitter               ; 00:00:14     ; 1.0                     ; 1598 MB             ; 00:00:21                           ;
; Assembler            ; 00:00:05     ; 1.0                     ; 507 MB              ; 00:00:05                           ;
; Timing Analyzer      ; 00:00:03     ; 1.0                     ; 784 MB              ; 00:00:03                           ;
; EDA Netlist Writer   ; 00:00:00     ; 1.0                     ; 659 MB              ; 00:00:00                           ;
; Total                ; 00:00:27     ; --                      ; --                  ; 00:00:41                           ;
+----------------------+--------------+-------------------------+---------------------+------------------------------------+


+-----------------------------------------------------------------------------------------------------------+
; Flow OS Summary                                                                                           ;
+----------------------+--------------------------------------------+---------+------------+----------------+
; Module Name          ; Machine Hostname                           ; OS Name ; OS Version ; Processor type ;
+----------------------+--------------------------------------------+---------+------------+----------------+
; Analysis & Synthesis ; rozenn-Vivobook-ASUSLaptop-X7600PC-N7600PC ; Ubuntu  ; 24         ; x86_64         ;
; Fitter               ; rozenn-Vivobook-ASUSLaptop-X7600PC-N7600PC ; Ubuntu  ; 24         ; x86_64         ;
; Assembler            ; rozenn-Vivobook-ASUSLaptop-X7600PC-N7600PC ; Ubuntu  ; 24         ; x86_64         ;
; Timing Analyzer      ; rozenn-Vivobook-ASUSLaptop-X7600PC-N7600PC ; Ubuntu  ; 24         ; x86_64         ;
; EDA Netlist Writer   ; rozenn-Vivobook-ASUSLaptop-X7600PC-N7600PC ; Ubuntu  ; 24         ; x86_64         ;
+----------------------+--------------------------------------------+---------+------------+----------------+


------------
; Flow Log ;
------------
quartus_map --read_settings_files=on --write_settings_files=off lock -c lockey
quartus_fit --read_settings_files=off --write_settings_files=off lock -c lockey
quartus_asm --read_settings_files=off --write_settings_files=off lock -c lockey
quartus_sta lock -c lockey
quartus_eda --read_settings_files=off --write_settings_files=off lock -c lockey



